\BOOKMARK [1][-]{section.1}{System}{}% 1
\BOOKMARK [2][-]{subsection.1.1}{Purpose}{section.1}% 2
\BOOKMARK [2][-]{subsection.1.2}{Context}{section.1}% 3
\BOOKMARK [1][-]{section.2}{Domain Concepts}{}% 4
\BOOKMARK [2][-]{subsection.2.1}{Domain Model}{section.2}% 5
\BOOKMARK [2][-]{subsection.2.2}{Main Domain concepts of the users}{section.2}% 6
\BOOKMARK [1][-]{section.3}{Actors}{}% 7
\BOOKMARK [2][-]{subsection.3.1}{List of Actors}{section.3}% 8
\BOOKMARK [2][-]{subsection.3.2}{Description of Actors}{section.3}% 9
\BOOKMARK [1][-]{section.4}{Use Cases}{}% 10
\BOOKMARK [2][-]{subsection.4.1}{Overview}{section.4}% 11
\BOOKMARK [2][-]{subsection.4.2}{Use Case Diagram}{section.4}% 12
\BOOKMARK [3][-]{section*.1}{Use Case 1}{subsection.4.2}% 13
\BOOKMARK [3][-]{section*.2}{Use Case 2}{subsection.4.2}% 14
\BOOKMARK [3][-]{section*.3}{Use Case 3}{subsection.4.2}% 15
\BOOKMARK [3][-]{section*.4}{Use Case 4}{subsection.4.2}% 16
\BOOKMARK [3][-]{section*.5}{Use Case 5}{subsection.4.2}% 17
\BOOKMARK [1][-]{section.5}{Non-Functional Constraints}{}% 18
\BOOKMARK [1][-]{section.6}{Data Dictionary}{}% 19
\BOOKMARK [1][-]{section.7}{References}{}% 20
\BOOKMARK [1][-]{appendix.A}{Description of File Format: Input}{}% 21
\BOOKMARK [1][-]{appendix.B}{Description of File Format: Output}{}% 22
